<?xml version="1.0" encoding="UTF-8"?>
<testsuite name="re.forestier.edu.GlobalTest" tests="3" skipped="0" failures="0" errors="0" timestamp="2024-10-14T09:15:26" hostname="abdelali-Latitude-7280" time="0.294">
  <properties/>
  <testcase name="testAffichageBase()" classname="re.forestier.edu.GlobalTest" time="0.222"/>
  <testcase name="testAffichageBase2()" classname="re.forestier.edu.GlobalTest" time="0.036"/>
  <testcase name="testAffichageBase3()" classname="re.forestier.edu.GlobalTest" time="0.033"/>
  <system-out><![CDATA[Le joueur est KO !
]]></system-out>
  <system-err><![CDATA[]]></system-err>
</testsuite>
